Content-Type: text/plain; charset="utf-8"
MIME-Version: 1.0
Content-Transfer-Encoding: 8bit
Subject: 
 =?utf-8?b?0JfQsNC/0YDQvtGBINC90LAg0YHQvtCz0LvQsNGB0L7QstCw0L3QuNC1INC40L0=?=
 =?utf-8?b?0LjRhtC40LDRgtC40LLRiyDQsiDQv9GA0LjQu9C+0LbQtdC90LjQuCBTaXRlIG5h?=
 =?utf-8?b?bWU=?=
From: webmaster@localhost
To: t1@mail.ru
Date: Fri, 13 Jan 2023 14:21:51 -0000
Message-ID: <167361971103.26105.7815340634211799167@AlsetPk>

Перейдите по ссылке http://127.0.0.1:3000
-------------------------------------------------------------------------------
Content-Type: text/plain; charset="utf-8"
MIME-Version: 1.0
Content-Transfer-Encoding: 8bit
Subject: 
 =?utf-8?b?0JfQsNC/0YDQvtGBINC90LAg0YHQvtCz0LvQsNGB0L7QstCw0L3QuNC1INC40L0=?=
 =?utf-8?b?0LjRhtC40LDRgtC40LLRiyDQsiDQv9GA0LjQu9C+0LbQtdC90LjQuCBTaXRlIG5h?=
 =?utf-8?b?bWU=?=
From: webmaster@localhost
To: t3@mail.ru
Date: Fri, 13 Jan 2023 14:21:51 -0000
Message-ID: <167361971111.26105.14589899749264634352@AlsetPk>

Перейдите по ссылке http://127.0.0.1:3000
-------------------------------------------------------------------------------
